# JRE version: OpenJDK Runtime Environment (17.0.2+8) (build 17.0.2+8-86)
# Java VM: OpenJDK 64-Bit Server VM (17.0.2+8-86, mixed mode, sharing, tiered, compressed oops, compressed class ptrs, g1 gc, windows-amd64)
GC Precious Log:
 CPUs: 8 total, 8 available
 Memory: 16301M
 Large Page Support: Disabled
 NUMA Support: Disabled
 Compressed Oops: Enabled (Zero based)
 Heap Region Size: 2M
 Heap Min Capacity: 8M
 Heap Initial Capacity: 256M
 Heap Max Capacity: 4076M
 Pre-touch: Disabled
 Parallel Workers: 8
 Concurrent Workers: 2
 Concurrent Refinement Workers: 8
 Periodic GC: Disabled
Heap:
 garbage-first heap   total 184320K, used 70088K [0x0000000701400000, 0x0000000800000000)
  region size 2048K, 14 young (28672K), 5 survivors (10240K)
 Metaspace       used 30576K, committed 30848K, reserved 1081344K
  class space    used 3985K, committed 4096K, reserved 1048576K
GC Heap History (20 events):
Event: 58.217 GC heap before
{Heap before GC invocations=51 (full 0):
 garbage-first heap   total 184320K, used 149253K [0x0000000701400000, 0x0000000800000000)
  region size 2048K, 51 young (104448K), 4 survivors (8192K)
 Metaspace       used 30553K, committed 30784K, reserved 1081344K
  class space    used 3982K, committed 4096K, reserved 1048576K
}
Event: 58.223 GC heap after
{Heap after GC invocations=52 (full 0):
 garbage-first heap   total 184320K, used 53459K [0x0000000701400000, 0x0000000800000000)
  region size 2048K, 4 young (8192K), 4 survivors (8192K)
 Metaspace       used 30553K, committed 30784K, reserved 1081344K
  class space    used 3982K, committed 4096K, reserved 1048576K
}
Event: 59.297 GC heap before
{Heap before GC invocations=53 (full 0):
 garbage-first heap   total 184320K, used 149715K [0x0000000701400000, 0x0000000800000000)
  region size 2048K, 51 young (104448K), 4 survivors (8192K)
 Metaspace       used 30560K, committed 30848K, reserved 1081344K
  class space    used 3982K, committed 4096K, reserved 1048576K
}
Event: 59.304 GC heap after
{Heap after GC invocations=54 (full 0):
 garbage-first heap   total 184320K, used 52319K [0x0000000701400000, 0x0000000800000000)
  region size 2048K, 4 young (8192K), 4 survivors (8192K)
 Metaspace       used 30560K, committed 30848K, reserved 1081344K
  class space    used 3982K, committed 4096K, reserved 1048576K
}
Event: 59.330 GC heap before
{Heap before GC invocations=54 (full 0):
 garbage-first heap   total 184320K, used 54367K [0x0000000701400000, 0x0000000800000000)
  region size 2048K, 5 young (10240K), 4 survivors (8192K)
 Metaspace       used 30560K, committed 30848K, reserved 1081344K
  class space    used 3982K, committed 4096K, reserved 1048576K
}
Event: 59.337 GC heap after
{Heap after GC invocations=55 (full 0):
 garbage-first heap   total 184320K, used 44068K [0x0000000701400000, 0x0000000800000000)
  region size 2048K, 1 young (2048K), 1 survivors (2048K)
 Metaspace       used 30560K, committed 30848K, reserved 1081344K
  class space    used 3982K, committed 4096K, reserved 1048576K
}
Event: 60.465 GC heap before
{Heap before GC invocations=55 (full 0):
 garbage-first heap   total 184320K, used 148516K [0x0000000701400000, 0x0000000800000000)
  region size 2048K, 52 young (106496K), 1 survivors (2048K)
 Metaspace       used 30561K, committed 30848K, reserved 1081344K
  class space    used 3982K, committed 4096K, reserved 1048576K
}
Event: 60.471 GC heap after
{Heap after GC invocations=56 (full 0):
 garbage-first heap   total 184320K, used 48866K [0x0000000701400000, 0x0000000800000000)
  region size 2048K, 3 young (6144K), 3 survivors (6144K)
 Metaspace       used 30561K, committed 30848K, reserved 1081344K
  class space    used 3982K, committed 4096K, reserved 1048576K
}
Event: 61.736 GC heap before
{Heap before GC invocations=56 (full 0):
 garbage-first heap   total 184320K, used 149218K [0x0000000701400000, 0x0000000800000000)
  region size 2048K, 52 young (106496K), 3 survivors (6144K)
 Metaspace       used 30561K, committed 30848K, reserved 1081344K
  class space    used 3982K, committed 4096K, reserved 1048576K
}
Event: 61.741 GC heap after
{Heap after GC invocations=57 (full 0):
 garbage-first heap   total 184320K, used 50971K [0x0000000701400000, 0x0000000800000000)
  region size 2048K, 4 young (8192K), 4 survivors (8192K)
 Metaspace       used 30561K, committed 30848K, reserved 1081344K
  class space    used 3982K, committed 4096K, reserved 1048576K
}
Event: 62.978 GC heap before
{Heap before GC invocations=57 (full 0):
 garbage-first heap   total 184320K, used 149275K [0x0000000701400000, 0x0000000800000000)
  region size 2048K, 52 young (106496K), 4 survivors (8192K)
 Metaspace       used 30561K, committed 30848K, reserved 1081344K
  class space    used 3982K, committed 4096K, reserved 1048576K
}
Event: 62.984 GC heap after
{Heap after GC invocations=58 (full 0):
 garbage-first heap   total 184320K, used 51417K [0x0000000701400000, 0x0000000800000000)
  region size 2048K, 4 young (8192K), 4 survivors (8192K)
 Metaspace       used 30561K, committed 30848K, reserved 1081344K
  class space    used 3982K, committed 4096K, reserved 1048576K
}
Event: 64.171 GC heap before
{Heap before GC invocations=59 (full 0):
 garbage-first heap   total 184320K, used 147673K [0x0000000701400000, 0x0000000800000000)
  region size 2048K, 51 young (104448K), 4 survivors (8192K)
 Metaspace       used 30561K, committed 30848K, reserved 1081344K
  class space    used 3982K, committed 4096K, reserved 1048576K
}
Event: 64.176 GC heap after
{Heap after GC invocations=60 (full 0):
 garbage-first heap   total 184320K, used 51591K [0x0000000701400000, 0x0000000800000000)
  region size 2048K, 4 young (8192K), 4 survivors (8192K)
 Metaspace       used 30561K, committed 30848K, reserved 1081344K
  class space    used 3982K, committed 4096K, reserved 1048576K
}
Event: 64.184 GC heap before
{Heap before GC invocations=60 (full 0):
 garbage-first heap   total 184320K, used 53639K [0x0000000701400000, 0x0000000800000000)
  region size 2048K, 5 young (10240K), 4 survivors (8192K)
 Metaspace       used 30561K, committed 30848K, reserved 1081344K
  class space    used 3982K, committed 4096K, reserved 1048576K
}
Event: 64.189 GC heap after
{Heap after GC invocations=61 (full 0):
 garbage-first heap   total 184320K, used 46644K [0x0000000701400000, 0x0000000800000000)
  region size 2048K, 1 young (2048K), 1 survivors (2048K)
 Metaspace       used 30561K, committed 30848K, reserved 1081344K
  class space    used 3982K, committed 4096K, reserved 1048576K
}
Event: 65.359 GC heap before
{Heap before GC invocations=61 (full 0):
 garbage-first heap   total 184320K, used 146996K [0x0000000701400000, 0x0000000800000000)
  region size 2048K, 50 young (102400K), 1 survivors (2048K)
 Metaspace       used 30562K, committed 30848K, reserved 1081344K
  class space    used 3982K, committed 4096K, reserved 1048576K
}
Event: 65.366 GC heap after
{Heap after GC invocations=62 (full 0):
 garbage-first heap   total 184320K, used 51147K [0x0000000701400000, 0x0000000800000000)
  region size 2048K, 3 young (6144K), 3 survivors (6144K)
 Metaspace       used 30562K, committed 30848K, reserved 1081344K
  class space    used 3982K, committed 4096K, reserved 1048576K
}
Event: 66.745 GC heap before
{Heap before GC invocations=62 (full 0):
 garbage-first heap   total 184320K, used 147403K [0x0000000701400000, 0x0000000800000000)
  region size 2048K, 50 young (102400K), 3 survivors (6144K)
 Metaspace       used 30567K, committed 30848K, reserved 1081344K
  class space    used 3982K, committed 4096K, reserved 1048576K
}
Event: 66.752 GC heap after
{Heap after GC invocations=63 (full 0):
 garbage-first heap   total 184320K, used 53704K [0x0000000701400000, 0x0000000800000000)
  region size 2048K, 5 young (10240K), 5 survivors (10240K)
 Metaspace       used 30567K, committed 30848K, reserved 1081344K
  class space    used 3982K, committed 4096K, reserved 1048576K
}

