# JRE version: OpenJDK Runtime Environment (17.0.2+8) (build 17.0.2+8-86)
# Java VM: OpenJDK 64-Bit Server VM (17.0.2+8-86, mixed mode, sharing, tiered, compressed oops, compressed class ptrs, g1 gc, windows-amd64)
GC Precious Log:
 CPUs: 8 total, 8 available
 Memory: 16301M
 Large Page Support: Disabled
 NUMA Support: Disabled
 Compressed Oops: Enabled (Zero based)
 Heap Region Size: 2M
 Heap Min Capacity: 8M
 Heap Initial Capacity: 256M
 Heap Max Capacity: 4076M
 Pre-touch: Disabled
 Parallel Workers: 8
 Concurrent Workers: 2
 Concurrent Refinement Workers: 8
 Periodic GC: Disabled
Heap:
 garbage-first heap   total 204800K, used 38909K [0x0000000701400000, 0x0000000800000000)
  region size 2048K, 6 young (12288K), 4 survivors (8192K)
 Metaspace       used 30305K, committed 30592K, reserved 1081344K
  class space    used 3981K, committed 4160K, reserved 1048576K
GC Heap History (20 events):
Event: 40.792 GC heap before
{Heap before GC invocations=42 (full 0):
 garbage-first heap   total 204800K, used 150751K [0x0000000701400000, 0x0000000800000000)
  region size 2048K, 60 young (122880K), 3 survivors (6144K)
 Metaspace       used 30259K, committed 30592K, reserved 1081344K
  class space    used 3978K, committed 4160K, reserved 1048576K
}
Event: 40.796 GC heap after
{Heap after GC invocations=43 (full 0):
 garbage-first heap   total 204800K, used 34812K [0x0000000701400000, 0x0000000800000000)
  region size 2048K, 3 young (6144K), 3 survivors (6144K)
 Metaspace       used 30259K, committed 30592K, reserved 1081344K
  class space    used 3978K, committed 4160K, reserved 1048576K
}
Event: 41.791 GC heap before
{Heap before GC invocations=43 (full 0):
 garbage-first heap   total 204800K, used 151548K [0x0000000701400000, 0x0000000800000000)
  region size 2048K, 60 young (122880K), 3 survivors (6144K)
 Metaspace       used 30266K, committed 30592K, reserved 1081344K
  class space    used 3978K, committed 4160K, reserved 1048576K
}
Event: 41.795 GC heap after
{Heap after GC invocations=44 (full 0):
 garbage-first heap   total 204800K, used 35013K [0x0000000701400000, 0x0000000800000000)
  region size 2048K, 3 young (6144K), 3 survivors (6144K)
 Metaspace       used 30266K, committed 30592K, reserved 1081344K
  class space    used 3978K, committed 4160K, reserved 1048576K
}
Event: 42.425 GC heap before
{Heap before GC invocations=44 (full 0):
 garbage-first heap   total 204800K, used 151749K [0x0000000701400000, 0x0000000800000000)
  region size 2048K, 60 young (122880K), 3 survivors (6144K)
 Metaspace       used 30271K, committed 30592K, reserved 1081344K
  class space    used 3978K, committed 4160K, reserved 1048576K
}
Event: 42.430 GC heap after
{Heap after GC invocations=45 (full 0):
 garbage-first heap   total 204800K, used 35288K [0x0000000701400000, 0x0000000800000000)
  region size 2048K, 3 young (6144K), 3 survivors (6144K)
 Metaspace       used 30271K, committed 30592K, reserved 1081344K
  class space    used 3978K, committed 4160K, reserved 1048576K
}
Event: 43.166 GC heap before
{Heap before GC invocations=45 (full 0):
 garbage-first heap   total 204800K, used 152024K [0x0000000701400000, 0x0000000800000000)
  region size 2048K, 60 young (122880K), 3 survivors (6144K)
 Metaspace       used 30274K, committed 30592K, reserved 1081344K
  class space    used 3978K, committed 4160K, reserved 1048576K
}
Event: 43.171 GC heap after
{Heap after GC invocations=46 (full 0):
 garbage-first heap   total 204800K, used 35845K [0x0000000701400000, 0x0000000800000000)
  region size 2048K, 4 young (8192K), 4 survivors (8192K)
 Metaspace       used 30274K, committed 30592K, reserved 1081344K
  class space    used 3978K, committed 4160K, reserved 1048576K
}
Event: 43.883 GC heap before
{Heap before GC invocations=46 (full 0):
 garbage-first heap   total 204800K, used 150533K [0x0000000701400000, 0x0000000800000000)
  region size 2048K, 60 young (122880K), 4 survivors (8192K)
 Metaspace       used 30280K, committed 30592K, reserved 1081344K
  class space    used 3978K, committed 4160K, reserved 1048576K
}
Event: 43.888 GC heap after
{Heap after GC invocations=47 (full 0):
 garbage-first heap   total 204800K, used 36230K [0x0000000701400000, 0x0000000800000000)
  region size 2048K, 4 young (8192K), 4 survivors (8192K)
 Metaspace       used 30280K, committed 30592K, reserved 1081344K
  class space    used 3978K, committed 4160K, reserved 1048576K
}
Event: 44.508 GC heap before
{Heap before GC invocations=47 (full 0):
 garbage-first heap   total 204800K, used 150918K [0x0000000701400000, 0x0000000800000000)
  region size 2048K, 60 young (122880K), 4 survivors (8192K)
 Metaspace       used 30290K, committed 30592K, reserved 1081344K
  class space    used 3978K, committed 4160K, reserved 1048576K
}
Event: 44.514 GC heap after
{Heap after GC invocations=48 (full 0):
 garbage-first heap   total 204800K, used 36173K [0x0000000701400000, 0x0000000800000000)
  region size 2048K, 4 young (8192K), 4 survivors (8192K)
 Metaspace       used 30290K, committed 30592K, reserved 1081344K
  class space    used 3978K, committed 4160K, reserved 1048576K
}
Event: 45.102 GC heap before
{Heap before GC invocations=48 (full 0):
 garbage-first heap   total 204800K, used 150861K [0x0000000701400000, 0x0000000800000000)
  region size 2048K, 60 young (122880K), 4 survivors (8192K)
 Metaspace       used 30292K, committed 30592K, reserved 1081344K
  class space    used 3978K, committed 4160K, reserved 1048576K
}
Event: 45.109 GC heap after
{Heap after GC invocations=49 (full 0):
 garbage-first heap   total 204800K, used 36548K [0x0000000701400000, 0x0000000800000000)
  region size 2048K, 4 young (8192K), 4 survivors (8192K)
 Metaspace       used 30292K, committed 30592K, reserved 1081344K
  class space    used 3978K, committed 4160K, reserved 1048576K
}
Event: 45.896 GC heap before
{Heap before GC invocations=49 (full 0):
 garbage-first heap   total 204800K, used 151236K [0x0000000701400000, 0x0000000800000000)
  region size 2048K, 60 young (122880K), 4 survivors (8192K)
 Metaspace       used 30293K, committed 30592K, reserved 1081344K
  class space    used 3978K, committed 4160K, reserved 1048576K
}
Event: 45.902 GC heap after
{Heap after GC invocations=50 (full 0):
 garbage-first heap   total 204800K, used 36827K [0x0000000701400000, 0x0000000800000000)
  region size 2048K, 4 young (8192K), 4 survivors (8192K)
 Metaspace       used 30293K, committed 30592K, reserved 1081344K
  class space    used 3978K, committed 4160K, reserved 1048576K
}
Event: 46.257 GC heap before
{Heap before GC invocations=50 (full 0):
 garbage-first heap   total 204800K, used 151515K [0x0000000701400000, 0x0000000800000000)
  region size 2048K, 60 young (122880K), 4 survivors (8192K)
 Metaspace       used 30293K, committed 30592K, reserved 1081344K
  class space    used 3978K, committed 4160K, reserved 1048576K
}
Event: 46.263 GC heap after
{Heap after GC invocations=51 (full 0):
 garbage-first heap   total 204800K, used 37083K [0x0000000701400000, 0x0000000800000000)
  region size 2048K, 4 young (8192K), 4 survivors (8192K)
 Metaspace       used 30293K, committed 30592K, reserved 1081344K
  class space    used 3978K, committed 4160K, reserved 1048576K
}
Event: 46.598 GC heap before
{Heap before GC invocations=51 (full 0):
 garbage-first heap   total 204800K, used 151771K [0x0000000701400000, 0x0000000800000000)
  region size 2048K, 60 young (122880K), 4 survivors (8192K)
 Metaspace       used 30294K, committed 30592K, reserved 1081344K
  class space    used 3979K, committed 4160K, reserved 1048576K
}
Event: 46.604 GC heap after
{Heap after GC invocations=52 (full 0):
 garbage-first heap   total 204800K, used 36861K [0x0000000701400000, 0x0000000800000000)
  region size 2048K, 4 young (8192K), 4 survivors (8192K)
 Metaspace       used 30294K, committed 30592K, reserved 1081344K
  class space    used 3979K, committed 4160K, reserved 1048576K
}

