# JRE version: OpenJDK Runtime Environment (17.0.2+8) (build 17.0.2+8-86)
# Java VM: OpenJDK 64-Bit Server VM (17.0.2+8-86, mixed mode, sharing, tiered, compressed oops, compressed class ptrs, g1 gc, windows-amd64)
GC Precious Log:
 CPUs: 8 total, 8 available
 Memory: 16301M
 Large Page Support: Disabled
 NUMA Support: Disabled
 Compressed Oops: Enabled (Zero based)
 Heap Region Size: 2M
 Heap Min Capacity: 8M
 Heap Initial Capacity: 256M
 Heap Max Capacity: 4076M
 Pre-touch: Disabled
 Parallel Workers: 8
 Concurrent Workers: 2
 Concurrent Refinement Workers: 8
 Periodic GC: Disabled
Heap:
 garbage-first heap   total 116736K, used 54791K [0x0000000701400000, 0x0000000800000000)
  region size 2048K, 14 young (28672K), 2 survivors (4096K)
 Metaspace       used 30219K, committed 30528K, reserved 1081344K
  class space    used 3976K, committed 4096K, reserved 1048576K
GC Heap History (20 events):
Event: 46.912 GC heap before
{Heap before GC invocations=82 (full 0):
 garbage-first heap   total 116736K, used 97642K [0x0000000701400000, 0x0000000800000000)
  region size 2048K, 34 young (69632K), 2 survivors (4096K)
 Metaspace       used 30209K, committed 30464K, reserved 1081344K
  class space    used 3973K, committed 4096K, reserved 1048576K
}
Event: 46.915 GC heap after
{Heap after GC invocations=83 (full 0):
 garbage-first heap   total 116736K, used 32141K [0x0000000701400000, 0x0000000800000000)
  region size 2048K, 2 young (4096K), 2 survivors (4096K)
 Metaspace       used 30209K, committed 30464K, reserved 1081344K
  class space    used 3973K, committed 4096K, reserved 1048576K
}
Event: 47.319 GC heap before
{Heap before GC invocations=83 (full 0):
 garbage-first heap   total 116736K, used 97677K [0x0000000701400000, 0x0000000800000000)
  region size 2048K, 34 young (69632K), 2 survivors (4096K)
 Metaspace       used 30209K, committed 30464K, reserved 1081344K
  class space    used 3973K, committed 4096K, reserved 1048576K
}
Event: 47.321 GC heap after
{Heap after GC invocations=84 (full 0):
 garbage-first heap   total 116736K, used 32214K [0x0000000701400000, 0x0000000800000000)
  region size 2048K, 2 young (4096K), 2 survivors (4096K)
 Metaspace       used 30209K, committed 30464K, reserved 1081344K
  class space    used 3973K, committed 4096K, reserved 1048576K
}
Event: 47.789 GC heap before
{Heap before GC invocations=84 (full 0):
 garbage-first heap   total 116736K, used 97750K [0x0000000701400000, 0x0000000800000000)
  region size 2048K, 34 young (69632K), 2 survivors (4096K)
 Metaspace       used 30209K, committed 30464K, reserved 1081344K
  class space    used 3973K, committed 4096K, reserved 1048576K
}
Event: 47.791 GC heap after
{Heap after GC invocations=85 (full 0):
 garbage-first heap   total 116736K, used 32241K [0x0000000701400000, 0x0000000800000000)
  region size 2048K, 2 young (4096K), 2 survivors (4096K)
 Metaspace       used 30209K, committed 30464K, reserved 1081344K
  class space    used 3973K, committed 4096K, reserved 1048576K
}
Event: 48.222 GC heap before
{Heap before GC invocations=85 (full 0):
 garbage-first heap   total 116736K, used 97777K [0x0000000701400000, 0x0000000800000000)
  region size 2048K, 34 young (69632K), 2 survivors (4096K)
 Metaspace       used 30209K, committed 30464K, reserved 1081344K
  class space    used 3973K, committed 4096K, reserved 1048576K
}
Event: 48.225 GC heap after
{Heap after GC invocations=86 (full 0):
 garbage-first heap   total 116736K, used 32216K [0x0000000701400000, 0x0000000800000000)
  region size 2048K, 2 young (4096K), 2 survivors (4096K)
 Metaspace       used 30209K, committed 30464K, reserved 1081344K
  class space    used 3973K, committed 4096K, reserved 1048576K
}
Event: 48.722 GC heap before
{Heap before GC invocations=86 (full 0):
 garbage-first heap   total 116736K, used 97752K [0x0000000701400000, 0x0000000800000000)
  region size 2048K, 34 young (69632K), 2 survivors (4096K)
 Metaspace       used 30209K, committed 30464K, reserved 1081344K
  class space    used 3973K, committed 4096K, reserved 1048576K
}
Event: 48.726 GC heap after
{Heap after GC invocations=87 (full 0):
 garbage-first heap   total 116736K, used 32121K [0x0000000701400000, 0x0000000800000000)
  region size 2048K, 2 young (4096K), 2 survivors (4096K)
 Metaspace       used 30209K, committed 30464K, reserved 1081344K
  class space    used 3973K, committed 4096K, reserved 1048576K
}
Event: 49.200 GC heap before
{Heap before GC invocations=87 (full 0):
 garbage-first heap   total 116736K, used 97657K [0x0000000701400000, 0x0000000800000000)
  region size 2048K, 34 young (69632K), 2 survivors (4096K)
 Metaspace       used 30209K, committed 30464K, reserved 1081344K
  class space    used 3973K, committed 4096K, reserved 1048576K
}
Event: 49.202 GC heap after
{Heap after GC invocations=88 (full 0):
 garbage-first heap   total 116736K, used 32095K [0x0000000701400000, 0x0000000800000000)
  region size 2048K, 2 young (4096K), 2 survivors (4096K)
 Metaspace       used 30209K, committed 30464K, reserved 1081344K
  class space    used 3973K, committed 4096K, reserved 1048576K
}
Event: 49.741 GC heap before
{Heap before GC invocations=88 (full 0):
 garbage-first heap   total 116736K, used 97631K [0x0000000701400000, 0x0000000800000000)
  region size 2048K, 34 young (69632K), 2 survivors (4096K)
 Metaspace       used 30209K, committed 30464K, reserved 1081344K
  class space    used 3973K, committed 4096K, reserved 1048576K
}
Event: 49.743 GC heap after
{Heap after GC invocations=89 (full 0):
 garbage-first heap   total 116736K, used 32324K [0x0000000701400000, 0x0000000800000000)
  region size 2048K, 2 young (4096K), 2 survivors (4096K)
 Metaspace       used 30209K, committed 30464K, reserved 1081344K
  class space    used 3973K, committed 4096K, reserved 1048576K
}
Event: 50.122 GC heap before
{Heap before GC invocations=89 (full 0):
 garbage-first heap   total 116736K, used 97860K [0x0000000701400000, 0x0000000800000000)
  region size 2048K, 34 young (69632K), 2 survivors (4096K)
 Metaspace       used 30209K, committed 30464K, reserved 1081344K
  class space    used 3973K, committed 4096K, reserved 1048576K
}
Event: 50.124 GC heap after
{Heap after GC invocations=90 (full 0):
 garbage-first heap   total 116736K, used 32205K [0x0000000701400000, 0x0000000800000000)
  region size 2048K, 2 young (4096K), 2 survivors (4096K)
 Metaspace       used 30209K, committed 30464K, reserved 1081344K
  class space    used 3973K, committed 4096K, reserved 1048576K
}
Event: 50.535 GC heap before
{Heap before GC invocations=90 (full 0):
 garbage-first heap   total 116736K, used 97741K [0x0000000701400000, 0x0000000800000000)
  region size 2048K, 34 young (69632K), 2 survivors (4096K)
 Metaspace       used 30209K, committed 30464K, reserved 1081344K
  class space    used 3973K, committed 4096K, reserved 1048576K
}
Event: 50.537 GC heap after
{Heap after GC invocations=91 (full 0):
 garbage-first heap   total 116736K, used 32339K [0x0000000701400000, 0x0000000800000000)
  region size 2048K, 2 young (4096K), 2 survivors (4096K)
 Metaspace       used 30209K, committed 30464K, reserved 1081344K
  class space    used 3973K, committed 4096K, reserved 1048576K
}
Event: 51.015 GC heap before
{Heap before GC invocations=91 (full 0):
 garbage-first heap   total 116736K, used 97875K [0x0000000701400000, 0x0000000800000000)
  region size 2048K, 34 young (69632K), 2 survivors (4096K)
 Metaspace       used 30209K, committed 30464K, reserved 1081344K
  class space    used 3973K, committed 4096K, reserved 1048576K
}
Event: 51.017 GC heap after
{Heap after GC invocations=92 (full 0):
 garbage-first heap   total 116736K, used 32263K [0x0000000701400000, 0x0000000800000000)
  region size 2048K, 2 young (4096K), 2 survivors (4096K)
 Metaspace       used 30209K, committed 30464K, reserved 1081344K
  class space    used 3973K, committed 4096K, reserved 1048576K
}

