# JRE version: OpenJDK Runtime Environment (17.0.2+8) (build 17.0.2+8-86)
# Java VM: OpenJDK 64-Bit Server VM (17.0.2+8-86, mixed mode, sharing, tiered, compressed oops, compressed class ptrs, g1 gc, windows-amd64)
GC Precious Log:
 CPUs: 8 total, 8 available
 Memory: 16301M
 Large Page Support: Disabled
 NUMA Support: Disabled
 Compressed Oops: Enabled (Zero based)
 Heap Region Size: 2M
 Heap Min Capacity: 8M
 Heap Initial Capacity: 256M
 Heap Max Capacity: 4076M
 Pre-touch: Disabled
 Parallel Workers: 8
 Concurrent Workers: 2
 Concurrent Refinement Workers: 8
 Periodic GC: Disabled
Heap:
 garbage-first heap   total 161792K, used 91940K [0x0000000701400000, 0x0000000800000000)
  region size 2048K, 30 young (61440K), 3 survivors (6144K)
 Metaspace       used 30094K, committed 30336K, reserved 1081344K
  class space    used 3970K, committed 4096K, reserved 1048576K
GC Heap History (20 events):
Event: 86.015 GC heap before
{Heap before GC invocations=48 (full 0):
 garbage-first heap   total 161792K, used 127538K [0x0000000701400000, 0x0000000800000000)
  region size 2048K, 47 young (96256K), 3 survivors (6144K)
 Metaspace       used 30082K, committed 30336K, reserved 1081344K
  class space    used 3968K, committed 4096K, reserved 1048576K
}
Event: 86.019 GC heap after
{Heap after GC invocations=49 (full 0):
 garbage-first heap   total 161792K, used 37513K [0x0000000701400000, 0x0000000800000000)
  region size 2048K, 3 young (6144K), 3 survivors (6144K)
 Metaspace       used 30082K, committed 30336K, reserved 1081344K
  class space    used 3968K, committed 4096K, reserved 1048576K
}
Event: 87.923 GC heap before
{Heap before GC invocations=49 (full 0):
 garbage-first heap   total 161792K, used 127625K [0x0000000701400000, 0x0000000800000000)
  region size 2048K, 47 young (96256K), 3 survivors (6144K)
 Metaspace       used 30082K, committed 30336K, reserved 1081344K
  class space    used 3968K, committed 4096K, reserved 1048576K
}
Event: 87.928 GC heap after
{Heap after GC invocations=50 (full 0):
 garbage-first heap   total 161792K, used 37899K [0x0000000701400000, 0x0000000800000000)
  region size 2048K, 3 young (6144K), 3 survivors (6144K)
 Metaspace       used 30082K, committed 30336K, reserved 1081344K
  class space    used 3968K, committed 4096K, reserved 1048576K
}
Event: 89.866 GC heap before
{Heap before GC invocations=50 (full 0):
 garbage-first heap   total 161792K, used 128011K [0x0000000701400000, 0x0000000800000000)
  region size 2048K, 47 young (96256K), 3 survivors (6144K)
 Metaspace       used 30082K, committed 30336K, reserved 1081344K
  class space    used 3968K, committed 4096K, reserved 1048576K
}
Event: 89.871 GC heap after
{Heap after GC invocations=51 (full 0):
 garbage-first heap   total 161792K, used 38226K [0x0000000701400000, 0x0000000800000000)
  region size 2048K, 3 young (6144K), 3 survivors (6144K)
 Metaspace       used 30082K, committed 30336K, reserved 1081344K
  class space    used 3968K, committed 4096K, reserved 1048576K
}
Event: 91.739 GC heap before
{Heap before GC invocations=51 (full 0):
 garbage-first heap   total 161792K, used 128338K [0x0000000701400000, 0x0000000800000000)
  region size 2048K, 47 young (96256K), 3 survivors (6144K)
 Metaspace       used 30082K, committed 30336K, reserved 1081344K
  class space    used 3968K, committed 4096K, reserved 1048576K
}
Event: 91.742 GC heap after
{Heap after GC invocations=52 (full 0):
 garbage-first heap   total 161792K, used 38027K [0x0000000701400000, 0x0000000800000000)
  region size 2048K, 3 young (6144K), 3 survivors (6144K)
 Metaspace       used 30082K, committed 30336K, reserved 1081344K
  class space    used 3968K, committed 4096K, reserved 1048576K
}
Event: 93.651 GC heap before
{Heap before GC invocations=52 (full 0):
 garbage-first heap   total 161792K, used 128139K [0x0000000701400000, 0x0000000800000000)
  region size 2048K, 47 young (96256K), 3 survivors (6144K)
 Metaspace       used 30082K, committed 30336K, reserved 1081344K
  class space    used 3968K, committed 4096K, reserved 1048576K
}
Event: 93.655 GC heap after
{Heap after GC invocations=53 (full 0):
 garbage-first heap   total 161792K, used 37906K [0x0000000701400000, 0x0000000800000000)
  region size 2048K, 3 young (6144K), 3 survivors (6144K)
 Metaspace       used 30082K, committed 30336K, reserved 1081344K
  class space    used 3968K, committed 4096K, reserved 1048576K
}
Event: 95.398 GC heap before
{Heap before GC invocations=53 (full 0):
 garbage-first heap   total 161792K, used 128018K [0x0000000701400000, 0x0000000800000000)
  region size 2048K, 47 young (96256K), 3 survivors (6144K)
 Metaspace       used 30082K, committed 30336K, reserved 1081344K
  class space    used 3968K, committed 4096K, reserved 1048576K
}
Event: 95.402 GC heap after
{Heap after GC invocations=54 (full 0):
 garbage-first heap   total 161792K, used 38102K [0x0000000701400000, 0x0000000800000000)
  region size 2048K, 3 young (6144K), 3 survivors (6144K)
 Metaspace       used 30082K, committed 30336K, reserved 1081344K
  class space    used 3968K, committed 4096K, reserved 1048576K
}
Event: 97.270 GC heap before
{Heap before GC invocations=54 (full 0):
 garbage-first heap   total 161792K, used 128214K [0x0000000701400000, 0x0000000800000000)
  region size 2048K, 47 young (96256K), 3 survivors (6144K)
 Metaspace       used 30082K, committed 30336K, reserved 1081344K
  class space    used 3968K, committed 4096K, reserved 1048576K
}
Event: 97.273 GC heap after
{Heap after GC invocations=55 (full 0):
 garbage-first heap   total 161792K, used 38385K [0x0000000701400000, 0x0000000800000000)
  region size 2048K, 3 young (6144K), 3 survivors (6144K)
 Metaspace       used 30082K, committed 30336K, reserved 1081344K
  class space    used 3968K, committed 4096K, reserved 1048576K
}
Event: 99.210 GC heap before
{Heap before GC invocations=55 (full 0):
 garbage-first heap   total 161792K, used 128497K [0x0000000701400000, 0x0000000800000000)
  region size 2048K, 47 young (96256K), 3 survivors (6144K)
 Metaspace       used 30085K, committed 30336K, reserved 1081344K
  class space    used 3968K, committed 4096K, reserved 1048576K
}
Event: 99.215 GC heap after
{Heap after GC invocations=56 (full 0):
 garbage-first heap   total 161792K, used 38194K [0x0000000701400000, 0x0000000800000000)
  region size 2048K, 3 young (6144K), 3 survivors (6144K)
 Metaspace       used 30085K, committed 30336K, reserved 1081344K
  class space    used 3968K, committed 4096K, reserved 1048576K
}
Event: 100.913 GC heap before
{Heap before GC invocations=56 (full 0):
 garbage-first heap   total 161792K, used 128306K [0x0000000701400000, 0x0000000800000000)
  region size 2048K, 47 young (96256K), 3 survivors (6144K)
 Metaspace       used 30085K, committed 30336K, reserved 1081344K
  class space    used 3968K, committed 4096K, reserved 1048576K
}
Event: 100.917 GC heap after
{Heap after GC invocations=57 (full 0):
 garbage-first heap   total 161792K, used 38372K [0x0000000701400000, 0x0000000800000000)
  region size 2048K, 3 young (6144K), 3 survivors (6144K)
 Metaspace       used 30085K, committed 30336K, reserved 1081344K
  class space    used 3968K, committed 4096K, reserved 1048576K
}
Event: 102.693 GC heap before
{Heap before GC invocations=57 (full 0):
 garbage-first heap   total 161792K, used 128484K [0x0000000701400000, 0x0000000800000000)
  region size 2048K, 47 young (96256K), 3 survivors (6144K)
 Metaspace       used 30085K, committed 30336K, reserved 1081344K
  class space    used 3968K, committed 4096K, reserved 1048576K
}
Event: 102.696 GC heap after
{Heap after GC invocations=58 (full 0):
 garbage-first heap   total 161792K, used 38692K [0x0000000701400000, 0x0000000800000000)
  region size 2048K, 3 young (6144K), 3 survivors (6144K)
 Metaspace       used 30085K, committed 30336K, reserved 1081344K
  class space    used 3968K, committed 4096K, reserved 1048576K
}

