# JRE version: OpenJDK Runtime Environment (17.0.2+8) (build 17.0.2+8-86)
# Java VM: OpenJDK 64-Bit Server VM (17.0.2+8-86, mixed mode, sharing, tiered, compressed oops, compressed class ptrs, g1 gc, windows-amd64)
GC Precious Log:
 CPUs: 8 total, 8 available
 Memory: 16301M
 Large Page Support: Disabled
 NUMA Support: Disabled
 Compressed Oops: Enabled (Zero based)
 Heap Region Size: 2M
 Heap Min Capacity: 8M
 Heap Initial Capacity: 256M
 Heap Max Capacity: 4076M
 Pre-touch: Disabled
 Parallel Workers: 8
 Concurrent Workers: 2
 Concurrent Refinement Workers: 8
 Periodic GC: Disabled
Heap:
 garbage-first heap   total 192512K, used 79183K [0x0000000701400000, 0x0000000800000000)
  region size 2048K, 27 young (55296K), 2 survivors (4096K)
 Metaspace       used 30152K, committed 30464K, reserved 1081344K
  class space    used 3978K, committed 4160K, reserved 1048576K
GC Heap History (20 events):
Event: 40.956 GC heap before
{Heap before GC invocations=31 (full 0):
 garbage-first heap   total 159744K, used 119351K [0x0000000701400000, 0x0000000800000000)
  region size 2048K, 46 young (94208K), 2 survivors (4096K)
 Metaspace       used 30006K, committed 30336K, reserved 1081344K
  class space    used 3975K, committed 4160K, reserved 1048576K
}
Event: 40.961 GC heap after
{Heap after GC invocations=32 (full 0):
 garbage-first heap   total 159744K, used 29175K [0x0000000701400000, 0x0000000800000000)
  region size 2048K, 2 young (4096K), 2 survivors (4096K)
 Metaspace       used 30006K, committed 30336K, reserved 1081344K
  class space    used 3975K, committed 4160K, reserved 1048576K
}
Event: 41.434 GC heap before
{Heap before GC invocations=32 (full 0):
 garbage-first heap   total 159744K, used 119287K [0x0000000701400000, 0x0000000800000000)
  region size 2048K, 46 young (94208K), 2 survivors (4096K)
 Metaspace       used 30019K, committed 30336K, reserved 1081344K
  class space    used 3975K, committed 4160K, reserved 1048576K
}
Event: 41.439 GC heap after
{Heap after GC invocations=33 (full 0):
 garbage-first heap   total 192512K, used 29233K [0x0000000701400000, 0x0000000800000000)
  region size 2048K, 2 young (4096K), 2 survivors (4096K)
 Metaspace       used 30019K, committed 30336K, reserved 1081344K
  class space    used 3975K, committed 4160K, reserved 1048576K
}
Event: 42.105 GC heap before
{Heap before GC invocations=33 (full 0):
 garbage-first heap   total 192512K, used 139825K [0x0000000701400000, 0x0000000800000000)
  region size 2048K, 56 young (114688K), 2 survivors (4096K)
 Metaspace       used 30081K, committed 30400K, reserved 1081344K
  class space    used 3975K, committed 4160K, reserved 1048576K
}
Event: 42.112 GC heap after
{Heap after GC invocations=34 (full 0):
 garbage-first heap   total 192512K, used 29508K [0x0000000701400000, 0x0000000800000000)
  region size 2048K, 2 young (4096K), 2 survivors (4096K)
 Metaspace       used 30081K, committed 30400K, reserved 1081344K
  class space    used 3975K, committed 4160K, reserved 1048576K
}
Event: 42.761 GC heap before
{Heap before GC invocations=34 (full 0):
 garbage-first heap   total 192512K, used 140100K [0x0000000701400000, 0x0000000800000000)
  region size 2048K, 56 young (114688K), 2 survivors (4096K)
 Metaspace       used 30085K, committed 30400K, reserved 1081344K
  class space    used 3975K, committed 4160K, reserved 1048576K
}
Event: 42.766 GC heap after
{Heap after GC invocations=35 (full 0):
 garbage-first heap   total 192512K, used 29598K [0x0000000701400000, 0x0000000800000000)
  region size 2048K, 2 young (4096K), 2 survivors (4096K)
 Metaspace       used 30085K, committed 30400K, reserved 1081344K
  class space    used 3975K, committed 4160K, reserved 1048576K
}
Event: 43.349 GC heap before
{Heap before GC invocations=35 (full 0):
 garbage-first heap   total 192512K, used 140190K [0x0000000701400000, 0x0000000800000000)
  region size 2048K, 56 young (114688K), 2 survivors (4096K)
 Metaspace       used 30113K, committed 30464K, reserved 1081344K
  class space    used 3975K, committed 4160K, reserved 1048576K
}
Event: 43.354 GC heap after
{Heap after GC invocations=36 (full 0):
 garbage-first heap   total 192512K, used 29493K [0x0000000701400000, 0x0000000800000000)
  region size 2048K, 2 young (4096K), 2 survivors (4096K)
 Metaspace       used 30113K, committed 30464K, reserved 1081344K
  class space    used 3975K, committed 4160K, reserved 1048576K
}
Event: 43.850 GC heap before
{Heap before GC invocations=36 (full 0):
 garbage-first heap   total 192512K, used 140085K [0x0000000701400000, 0x0000000800000000)
  region size 2048K, 56 young (114688K), 2 survivors (4096K)
 Metaspace       used 30128K, committed 30464K, reserved 1081344K
  class space    used 3975K, committed 4160K, reserved 1048576K
}
Event: 43.855 GC heap after
{Heap after GC invocations=37 (full 0):
 garbage-first heap   total 192512K, used 29916K [0x0000000701400000, 0x0000000800000000)
  region size 2048K, 2 young (4096K), 2 survivors (4096K)
 Metaspace       used 30128K, committed 30464K, reserved 1081344K
  class space    used 3975K, committed 4160K, reserved 1048576K
}
Event: 44.431 GC heap before
{Heap before GC invocations=37 (full 0):
 garbage-first heap   total 192512K, used 140508K [0x0000000701400000, 0x0000000800000000)
  region size 2048K, 56 young (114688K), 2 survivors (4096K)
 Metaspace       used 30138K, committed 30464K, reserved 1081344K
  class space    used 3975K, committed 4160K, reserved 1048576K
}
Event: 44.436 GC heap after
{Heap after GC invocations=38 (full 0):
 garbage-first heap   total 192512K, used 29756K [0x0000000701400000, 0x0000000800000000)
  region size 2048K, 2 young (4096K), 2 survivors (4096K)
 Metaspace       used 30138K, committed 30464K, reserved 1081344K
  class space    used 3975K, committed 4160K, reserved 1048576K
}
Event: 45.155 GC heap before
{Heap before GC invocations=38 (full 0):
 garbage-first heap   total 192512K, used 140348K [0x0000000701400000, 0x0000000800000000)
  region size 2048K, 56 young (114688K), 2 survivors (4096K)
 Metaspace       used 30139K, committed 30464K, reserved 1081344K
  class space    used 3975K, committed 4160K, reserved 1048576K
}
Event: 45.162 GC heap after
{Heap after GC invocations=39 (full 0):
 garbage-first heap   total 192512K, used 29837K [0x0000000701400000, 0x0000000800000000)
  region size 2048K, 2 young (4096K), 2 survivors (4096K)
 Metaspace       used 30139K, committed 30464K, reserved 1081344K
  class space    used 3975K, committed 4160K, reserved 1048576K
}
Event: 45.815 GC heap before
{Heap before GC invocations=39 (full 0):
 garbage-first heap   total 192512K, used 140429K [0x0000000701400000, 0x0000000800000000)
  region size 2048K, 56 young (114688K), 2 survivors (4096K)
 Metaspace       used 30139K, committed 30464K, reserved 1081344K
  class space    used 3975K, committed 4160K, reserved 1048576K
}
Event: 45.820 GC heap after
{Heap after GC invocations=40 (full 0):
 garbage-first heap   total 192512K, used 30361K [0x0000000701400000, 0x0000000800000000)
  region size 2048K, 2 young (4096K), 2 survivors (4096K)
 Metaspace       used 30139K, committed 30464K, reserved 1081344K
  class space    used 3975K, committed 4160K, reserved 1048576K
}
Event: 46.727 GC heap before
{Heap before GC invocations=40 (full 0):
 garbage-first heap   total 192512K, used 140953K [0x0000000701400000, 0x0000000800000000)
  region size 2048K, 56 young (114688K), 2 survivors (4096K)
 Metaspace       used 30141K, committed 30464K, reserved 1081344K
  class space    used 3975K, committed 4160K, reserved 1048576K
}
Event: 46.732 GC heap after
{Heap after GC invocations=41 (full 0):
 garbage-first heap   total 192512K, used 30031K [0x0000000701400000, 0x0000000800000000)
  region size 2048K, 2 young (4096K), 2 survivors (4096K)
 Metaspace       used 30141K, committed 30464K, reserved 1081344K
  class space    used 3975K, committed 4160K, reserved 1048576K
}

