# JRE version: OpenJDK Runtime Environment (17.0.2+8) (build 17.0.2+8-86)
# Java VM: OpenJDK 64-Bit Server VM (17.0.2+8-86, mixed mode, sharing, tiered, compressed oops, compressed class ptrs, g1 gc, windows-amd64)
GC Precious Log:
 CPUs: 8 total, 8 available
 Memory: 16301M
 Large Page Support: Disabled
 NUMA Support: Disabled
 Compressed Oops: Enabled (Zero based)
 Heap Region Size: 2M
 Heap Min Capacity: 8M
 Heap Initial Capacity: 256M
 Heap Max Capacity: 4076M
 Pre-touch: Disabled
 Parallel Workers: 8
 Concurrent Workers: 2
 Concurrent Refinement Workers: 8
 Periodic GC: Disabled
Heap:
 garbage-first heap   total 389120K, used 218073K [0x0000000701400000, 0x0000000800000000)
  region size 2048K, 45 young (92160K), 4 survivors (8192K)
 Metaspace       used 29750K, committed 30016K, reserved 1081344K
  class space    used 3972K, committed 4096K, reserved 1048576K
GC Heap History (20 events):
Event: 27.547 GC heap before
{Heap before GC invocations=22 (full 0):
 garbage-first heap   total 323584K, used 261862K [0x0000000701400000, 0x0000000800000000)
  region size 2048K, 91 young (186368K), 6 survivors (12288K)
 Metaspace       used 29626K, committed 29888K, reserved 1081344K
  class space    used 3969K, committed 4096K, reserved 1048576K
}
Event: 27.561 GC heap after
{Heap after GC invocations=23 (full 0):
 garbage-first heap   total 323584K, used 93486K [0x0000000701400000, 0x0000000800000000)
  region size 2048K, 9 young (18432K), 9 survivors (18432K)
 Metaspace       used 29626K, committed 29888K, reserved 1081344K
  class space    used 3969K, committed 4096K, reserved 1048576K
}
Event: 28.522 GC heap before
{Heap before GC invocations=23 (full 0):
 garbage-first heap   total 323584K, used 249134K [0x0000000701400000, 0x0000000800000000)
  region size 2048K, 86 young (176128K), 9 survivors (18432K)
 Metaspace       used 29641K, committed 29952K, reserved 1081344K
  class space    used 3969K, committed 4096K, reserved 1048576K
}
Event: 28.541 GC heap after
{Heap after GC invocations=24 (full 0):
 garbage-first heap   total 323584K, used 100962K [0x0000000701400000, 0x0000000800000000)
  region size 2048K, 10 young (20480K), 10 survivors (20480K)
 Metaspace       used 29641K, committed 29952K, reserved 1081344K
  class space    used 3969K, committed 4096K, reserved 1048576K
}
Event: 29.216 GC heap before
{Heap before GC invocations=24 (full 0):
 garbage-first heap   total 323584K, used 256610K [0x0000000701400000, 0x0000000800000000)
  region size 2048K, 86 young (176128K), 10 survivors (20480K)
 Metaspace       used 29646K, committed 29952K, reserved 1081344K
  class space    used 3969K, committed 4096K, reserved 1048576K
}
Event: 29.232 GC heap after
{Heap after GC invocations=25 (full 0):
 garbage-first heap   total 323584K, used 104314K [0x0000000701400000, 0x0000000800000000)
  region size 2048K, 6 young (12288K), 6 survivors (12288K)
 Metaspace       used 29646K, committed 29952K, reserved 1081344K
  class space    used 3969K, committed 4096K, reserved 1048576K
}
Event: 30.159 GC heap before
{Heap before GC invocations=25 (full 0):
 garbage-first heap   total 323584K, used 264058K [0x0000000701400000, 0x0000000800000000)
  region size 2048K, 84 young (172032K), 6 survivors (12288K)
 Metaspace       used 29666K, committed 29952K, reserved 1081344K
  class space    used 3969K, committed 4096K, reserved 1048576K
}
Event: 30.171 GC heap after
{Heap after GC invocations=26 (full 0):
 garbage-first heap   total 323584K, used 106671K [0x0000000701400000, 0x0000000800000000)
  region size 2048K, 8 young (16384K), 8 survivors (16384K)
 Metaspace       used 29666K, committed 29952K, reserved 1081344K
  class space    used 3969K, committed 4096K, reserved 1048576K
}
Event: 31.256 GC heap before
{Heap before GC invocations=26 (full 0):
 garbage-first heap   total 323584K, used 264367K [0x0000000701400000, 0x0000000800000000)
  region size 2048K, 86 young (176128K), 8 survivors (16384K)
 Metaspace       used 29692K, committed 29952K, reserved 1081344K
  class space    used 3970K, committed 4096K, reserved 1048576K
}
Event: 31.276 GC heap after
{Heap after GC invocations=27 (full 0):
 garbage-first heap   total 389120K, used 113662K [0x0000000701400000, 0x0000000800000000)
  region size 2048K, 8 young (16384K), 8 survivors (16384K)
 Metaspace       used 29692K, committed 29952K, reserved 1081344K
  class space    used 3970K, committed 4096K, reserved 1048576K
}
Event: 32.496 GC heap before
{Heap before GC invocations=27 (full 0):
 garbage-first heap   total 389120K, used 320510K [0x0000000701400000, 0x0000000800000000)
  region size 2048K, 109 young (223232K), 8 survivors (16384K)
 Metaspace       used 29740K, committed 30016K, reserved 1081344K
  class space    used 3970K, committed 4096K, reserved 1048576K
}
Event: 32.510 GC heap after
{Heap after GC invocations=28 (full 0):
 garbage-first heap   total 389120K, used 117449K [0x0000000701400000, 0x0000000800000000)
  region size 2048K, 9 young (18432K), 9 survivors (18432K)
 Metaspace       used 29740K, committed 30016K, reserved 1081344K
  class space    used 3970K, committed 4096K, reserved 1048576K
}
Event: 33.377 GC heap before
{Heap before GC invocations=28 (full 0):
 garbage-first heap   total 389120K, used 320201K [0x0000000701400000, 0x0000000800000000)
  region size 2048K, 108 young (221184K), 9 survivors (18432K)
 Metaspace       used 29740K, committed 30016K, reserved 1081344K
  class space    used 3970K, committed 4096K, reserved 1048576K
}
Event: 33.389 GC heap after
{Heap after GC invocations=29 (full 0):
 garbage-first heap   total 389120K, used 121430K [0x0000000701400000, 0x0000000800000000)
  region size 2048K, 9 young (18432K), 9 survivors (18432K)
 Metaspace       used 29740K, committed 30016K, reserved 1081344K
  class space    used 3970K, committed 4096K, reserved 1048576K
}
Event: 34.384 GC heap before
{Heap before GC invocations=29 (full 0):
 garbage-first heap   total 389120K, used 324182K [0x0000000701400000, 0x0000000800000000)
  region size 2048K, 109 young (223232K), 9 survivors (18432K)
 Metaspace       used 29740K, committed 30016K, reserved 1081344K
  class space    used 3970K, committed 4096K, reserved 1048576K
}
Event: 34.405 GC heap after
{Heap after GC invocations=30 (full 0):
 garbage-first heap   total 389120K, used 129941K [0x0000000701400000, 0x0000000800000000)
  region size 2048K, 10 young (20480K), 10 survivors (20480K)
 Metaspace       used 29740K, committed 30016K, reserved 1081344K
  class space    used 3970K, committed 4096K, reserved 1048576K
}
Event: 35.215 GC heap before
{Heap before GC invocations=30 (full 0):
 garbage-first heap   total 389120K, used 320405K [0x0000000701400000, 0x0000000800000000)
  region size 2048K, 103 young (210944K), 10 survivors (20480K)
 Metaspace       used 29740K, committed 30016K, reserved 1081344K
  class space    used 3970K, committed 4096K, reserved 1048576K
}
Event: 35.229 GC heap after
{Heap after GC invocations=31 (full 0):
 garbage-first heap   total 389120K, used 133405K [0x0000000701400000, 0x0000000800000000)
  region size 2048K, 8 young (16384K), 8 survivors (16384K)
 Metaspace       used 29740K, committed 30016K, reserved 1081344K
  class space    used 3970K, committed 4096K, reserved 1048576K
}
Event: 35.972 GC heap before
{Heap before GC invocations=31 (full 0):
 garbage-first heap   total 389120K, used 325917K [0x0000000701400000, 0x0000000800000000)
  region size 2048K, 102 young (208896K), 8 survivors (16384K)
 Metaspace       used 29740K, committed 30016K, reserved 1081344K
  class space    used 3970K, committed 4096K, reserved 1048576K
}
Event: 35.985 GC heap after
{Heap after GC invocations=32 (full 0):
 garbage-first heap   total 389120K, used 136153K [0x0000000701400000, 0x0000000800000000)
  region size 2048K, 4 young (8192K), 4 survivors (8192K)
 Metaspace       used 29740K, committed 30016K, reserved 1081344K
  class space    used 3970K, committed 4096K, reserved 1048576K
}

