# JRE version: OpenJDK Runtime Environment (17.0.2+8) (build 17.0.2+8-86)
# Java VM: OpenJDK 64-Bit Server VM (17.0.2+8-86, mixed mode, sharing, tiered, compressed oops, compressed class ptrs, g1 gc, windows-amd64)
GC Precious Log:
 CPUs: 8 total, 8 available
 Memory: 16301M
 Large Page Support: Disabled
 NUMA Support: Disabled
 Compressed Oops: Enabled (Zero based)
 Heap Region Size: 2M
 Heap Min Capacity: 8M
 Heap Initial Capacity: 256M
 Heap Max Capacity: 4076M
 Pre-touch: Disabled
 Parallel Workers: 8
 Concurrent Workers: 2
 Concurrent Refinement Workers: 8
 Periodic GC: Disabled
Heap:
 garbage-first heap   total 737280K, used 638458K [0x0000000701400000, 0x0000000800000000)
  region size 2048K, 88 young (180224K), 7 survivors (14336K)
 Metaspace       used 29852K, committed 30144K, reserved 1081344K
  class space    used 3971K, committed 4096K, reserved 1048576K
GC Heap History (20 events):
Event: 176.485 GC heap before
{Heap before GC invocations=183 (full 0):
 garbage-first heap   total 737280K, used 648935K [0x0000000701400000, 0x0000000800000000)
  region size 2048K, 97 young (198656K), 7 survivors (14336K)
 Metaspace       used 29841K, committed 30080K, reserved 1081344K
  class space    used 3969K, committed 4096K, reserved 1048576K
}
Event: 176.492 GC heap after
{Heap after GC invocations=184 (full 0):
 garbage-first heap   total 737280K, used 466145K [0x0000000701400000, 0x0000000800000000)
  region size 2048K, 8 young (16384K), 8 survivors (16384K)
 Metaspace       used 29841K, committed 30080K, reserved 1081344K
  class space    used 3969K, committed 4096K, reserved 1048576K
}
Event: 177.359 GC heap before
{Heap before GC invocations=184 (full 0):
 garbage-first heap   total 737280K, used 646369K [0x0000000701400000, 0x0000000800000000)
  region size 2048K, 96 young (196608K), 8 survivors (16384K)
 Metaspace       used 29841K, committed 30080K, reserved 1081344K
  class space    used 3969K, committed 4096K, reserved 1048576K
}
Event: 177.366 GC heap after
{Heap after GC invocations=185 (full 0):
 garbage-first heap   total 737280K, used 467000K [0x0000000701400000, 0x0000000800000000)
  region size 2048K, 7 young (14336K), 7 survivors (14336K)
 Metaspace       used 29841K, committed 30080K, reserved 1081344K
  class space    used 3969K, committed 4096K, reserved 1048576K
}
Event: 178.203 GC heap before
{Heap before GC invocations=185 (full 0):
 garbage-first heap   total 737280K, used 647224K [0x0000000701400000, 0x0000000800000000)
  region size 2048K, 95 young (194560K), 7 survivors (14336K)
 Metaspace       used 29841K, committed 30080K, reserved 1081344K
  class space    used 3969K, committed 4096K, reserved 1048576K
}
Event: 178.209 GC heap after
{Heap after GC invocations=186 (full 0):
 garbage-first heap   total 737280K, used 468291K [0x0000000701400000, 0x0000000800000000)
  region size 2048K, 7 young (14336K), 7 survivors (14336K)
 Metaspace       used 29841K, committed 30080K, reserved 1081344K
  class space    used 3969K, committed 4096K, reserved 1048576K
}
Event: 179.066 GC heap before
{Heap before GC invocations=186 (full 0):
 garbage-first heap   total 737280K, used 648515K [0x0000000701400000, 0x0000000800000000)
  region size 2048K, 95 young (194560K), 7 survivors (14336K)
 Metaspace       used 29841K, committed 30080K, reserved 1081344K
  class space    used 3969K, committed 4096K, reserved 1048576K
}
Event: 179.073 GC heap after
{Heap after GC invocations=187 (full 0):
 garbage-first heap   total 737280K, used 470134K [0x0000000701400000, 0x0000000800000000)
  region size 2048K, 8 young (16384K), 8 survivors (16384K)
 Metaspace       used 29841K, committed 30080K, reserved 1081344K
  class space    used 3969K, committed 4096K, reserved 1048576K
}
Event: 179.886 GC heap before
{Heap before GC invocations=187 (full 0):
 garbage-first heap   total 737280K, used 644214K [0x0000000701400000, 0x0000000800000000)
  region size 2048K, 93 young (190464K), 8 survivors (16384K)
 Metaspace       used 29841K, committed 30080K, reserved 1081344K
  class space    used 3969K, committed 4096K, reserved 1048576K
}
Event: 179.893 GC heap after
{Heap after GC invocations=188 (full 0):
 garbage-first heap   total 737280K, used 471397K [0x0000000701400000, 0x0000000800000000)
  region size 2048K, 8 young (16384K), 8 survivors (16384K)
 Metaspace       used 29841K, committed 30080K, reserved 1081344K
  class space    used 3969K, committed 4096K, reserved 1048576K
}
Event: 180.701 GC heap before
{Heap before GC invocations=188 (full 0):
 garbage-first heap   total 737280K, used 643429K [0x0000000701400000, 0x0000000800000000)
  region size 2048K, 92 young (188416K), 8 survivors (16384K)
 Metaspace       used 29841K, committed 30080K, reserved 1081344K
  class space    used 3969K, committed 4096K, reserved 1048576K
}
Event: 180.708 GC heap after
{Heap after GC invocations=189 (full 0):
 garbage-first heap   total 737280K, used 471851K [0x0000000701400000, 0x0000000800000000)
  region size 2048K, 7 young (14336K), 7 survivors (14336K)
 Metaspace       used 29841K, committed 30080K, reserved 1081344K
  class space    used 3969K, committed 4096K, reserved 1048576K
}
Event: 181.515 GC heap before
{Heap before GC invocations=189 (full 0):
 garbage-first heap   total 737280K, used 645931K [0x0000000701400000, 0x0000000800000000)
  region size 2048K, 92 young (188416K), 7 survivors (14336K)
 Metaspace       used 29841K, committed 30080K, reserved 1081344K
  class space    used 3969K, committed 4096K, reserved 1048576K
}
Event: 181.522 GC heap after
{Heap after GC invocations=190 (full 0):
 garbage-first heap   total 737280K, used 474158K [0x0000000701400000, 0x0000000800000000)
  region size 2048K, 8 young (16384K), 8 survivors (16384K)
 Metaspace       used 29841K, committed 30080K, reserved 1081344K
  class space    used 3969K, committed 4096K, reserved 1048576K
}
Event: 182.310 GC heap before
{Heap before GC invocations=190 (full 0):
 garbage-first heap   total 737280K, used 644142K [0x0000000701400000, 0x0000000800000000)
  region size 2048K, 91 young (186368K), 8 survivors (16384K)
 Metaspace       used 29841K, committed 30080K, reserved 1081344K
  class space    used 3969K, committed 4096K, reserved 1048576K
}
Event: 182.317 GC heap after
{Heap after GC invocations=191 (full 0):
 garbage-first heap   total 737280K, used 474790K [0x0000000701400000, 0x0000000800000000)
  region size 2048K, 7 young (14336K), 7 survivors (14336K)
 Metaspace       used 29841K, committed 30080K, reserved 1081344K
  class space    used 3969K, committed 4096K, reserved 1048576K
}
Event: 183.130 GC heap before
{Heap before GC invocations=191 (full 0):
 garbage-first heap   total 737280K, used 646822K [0x0000000701400000, 0x0000000800000000)
  region size 2048K, 91 young (186368K), 7 survivors (14336K)
 Metaspace       used 29841K, committed 30080K, reserved 1081344K
  class space    used 3969K, committed 4096K, reserved 1048576K
}
Event: 183.137 GC heap after
{Heap after GC invocations=192 (full 0):
 garbage-first heap   total 737280K, used 475908K [0x0000000701400000, 0x0000000800000000)
  region size 2048K, 7 young (14336K), 7 survivors (14336K)
 Metaspace       used 29841K, committed 30080K, reserved 1081344K
  class space    used 3969K, committed 4096K, reserved 1048576K
}
Event: 183.959 GC heap before
{Heap before GC invocations=192 (full 0):
 garbage-first heap   total 737280K, used 647940K [0x0000000701400000, 0x0000000800000000)
  region size 2048K, 91 young (186368K), 7 survivors (14336K)
 Metaspace       used 29841K, committed 30080K, reserved 1081344K
  class space    used 3969K, committed 4096K, reserved 1048576K
}
Event: 183.966 GC heap after
{Heap after GC invocations=193 (full 0):
 garbage-first heap   total 737280K, used 476666K [0x0000000701400000, 0x0000000800000000)
  region size 2048K, 7 young (14336K), 7 survivors (14336K)
 Metaspace       used 29841K, committed 30080K, reserved 1081344K
  class space    used 3969K, committed 4096K, reserved 1048576K
}

