# JRE version: OpenJDK Runtime Environment (17.0.2+8) (build 17.0.2+8-86)
# Java VM: OpenJDK 64-Bit Server VM (17.0.2+8-86, mixed mode, sharing, tiered, compressed oops, compressed class ptrs, g1 gc, windows-amd64)
GC Precious Log:
 CPUs: 8 total, 8 available
 Memory: 16301M
 Large Page Support: Disabled
 NUMA Support: Disabled
 Compressed Oops: Enabled (Zero based)
 Heap Region Size: 2M
 Heap Min Capacity: 8M
 Heap Initial Capacity: 256M
 Heap Max Capacity: 4076M
 Pre-touch: Disabled
 Parallel Workers: 8
 Concurrent Workers: 2
 Concurrent Refinement Workers: 8
 Periodic GC: Disabled
Heap:
 garbage-first heap   total 159744K, used 42841K [0x0000000701400000, 0x0000000800000000)
  region size 2048K, 10 young (20480K), 2 survivors (4096K)
 Metaspace       used 29937K, committed 30272K, reserved 1081344K
  class space    used 3977K, committed 4160K, reserved 1048576K
GC Heap History (20 events):
Event: 24.228 GC heap before
{Heap before GC invocations=27 (full 0):
 garbage-first heap   total 159744K, used 118226K [0x0000000701400000, 0x0000000800000000)
  region size 2048K, 46 young (94208K), 2 survivors (4096K)
 Metaspace       used 29745K, committed 30080K, reserved 1081344K
  class space    used 3975K, committed 4160K, reserved 1048576K
}
Event: 24.234 GC heap after
{Heap after GC invocations=28 (full 0):
 garbage-first heap   total 159744K, used 28177K [0x0000000701400000, 0x0000000800000000)
  region size 2048K, 2 young (4096K), 2 survivors (4096K)
 Metaspace       used 29745K, committed 30080K, reserved 1081344K
  class space    used 3975K, committed 4160K, reserved 1048576K
}
Event: 24.828 GC heap before
{Heap before GC invocations=28 (full 0):
 garbage-first heap   total 159744K, used 118289K [0x0000000701400000, 0x0000000800000000)
  region size 2048K, 46 young (94208K), 2 survivors (4096K)
 Metaspace       used 29761K, committed 30080K, reserved 1081344K
  class space    used 3975K, committed 4160K, reserved 1048576K
}
Event: 24.831 GC heap after
{Heap after GC invocations=29 (full 0):
 garbage-first heap   total 159744K, used 28256K [0x0000000701400000, 0x0000000800000000)
  region size 2048K, 2 young (4096K), 2 survivors (4096K)
 Metaspace       used 29761K, committed 30080K, reserved 1081344K
  class space    used 3975K, committed 4160K, reserved 1048576K
}
Event: 25.464 GC heap before
{Heap before GC invocations=29 (full 0):
 garbage-first heap   total 159744K, used 118368K [0x0000000701400000, 0x0000000800000000)
  region size 2048K, 46 young (94208K), 2 survivors (4096K)
 Metaspace       used 29778K, committed 30080K, reserved 1081344K
  class space    used 3975K, committed 4160K, reserved 1048576K
}
Event: 25.468 GC heap after
{Heap after GC invocations=30 (full 0):
 garbage-first heap   total 159744K, used 28278K [0x0000000701400000, 0x0000000800000000)
  region size 2048K, 2 young (4096K), 2 survivors (4096K)
 Metaspace       used 29778K, committed 30080K, reserved 1081344K
  class space    used 3975K, committed 4160K, reserved 1048576K
}
Event: 26.181 GC heap before
{Heap before GC invocations=30 (full 0):
 garbage-first heap   total 159744K, used 118390K [0x0000000701400000, 0x0000000800000000)
  region size 2048K, 46 young (94208K), 2 survivors (4096K)
 Metaspace       used 29784K, committed 30080K, reserved 1081344K
  class space    used 3975K, committed 4160K, reserved 1048576K
}
Event: 26.184 GC heap after
{Heap after GC invocations=31 (full 0):
 garbage-first heap   total 159744K, used 28382K [0x0000000701400000, 0x0000000800000000)
  region size 2048K, 2 young (4096K), 2 survivors (4096K)
 Metaspace       used 29784K, committed 30080K, reserved 1081344K
  class space    used 3975K, committed 4160K, reserved 1048576K
}
Event: 26.741 GC heap before
{Heap before GC invocations=31 (full 0):
 garbage-first heap   total 159744K, used 118494K [0x0000000701400000, 0x0000000800000000)
  region size 2048K, 46 young (94208K), 2 survivors (4096K)
 Metaspace       used 29811K, committed 30144K, reserved 1081344K
  class space    used 3975K, committed 4160K, reserved 1048576K
}
Event: 26.744 GC heap after
{Heap after GC invocations=32 (full 0):
 garbage-first heap   total 159744K, used 28379K [0x0000000701400000, 0x0000000800000000)
  region size 2048K, 2 young (4096K), 2 survivors (4096K)
 Metaspace       used 29811K, committed 30144K, reserved 1081344K
  class space    used 3975K, committed 4160K, reserved 1048576K
}
Event: 27.335 GC heap before
{Heap before GC invocations=32 (full 0):
 garbage-first heap   total 159744K, used 118491K [0x0000000701400000, 0x0000000800000000)
  region size 2048K, 46 young (94208K), 2 survivors (4096K)
 Metaspace       used 29911K, committed 30272K, reserved 1081344K
  class space    used 3975K, committed 4160K, reserved 1048576K
}
Event: 27.338 GC heap after
{Heap after GC invocations=33 (full 0):
 garbage-first heap   total 159744K, used 28404K [0x0000000701400000, 0x0000000800000000)
  region size 2048K, 2 young (4096K), 2 survivors (4096K)
 Metaspace       used 29911K, committed 30272K, reserved 1081344K
  class space    used 3975K, committed 4160K, reserved 1048576K
}
Event: 27.943 GC heap before
{Heap before GC invocations=33 (full 0):
 garbage-first heap   total 159744K, used 118516K [0x0000000701400000, 0x0000000800000000)
  region size 2048K, 46 young (94208K), 2 survivors (4096K)
 Metaspace       used 29927K, committed 30272K, reserved 1081344K
  class space    used 3975K, committed 4160K, reserved 1048576K
}
Event: 27.946 GC heap after
{Heap after GC invocations=34 (full 0):
 garbage-first heap   total 159744K, used 28388K [0x0000000701400000, 0x0000000800000000)
  region size 2048K, 2 young (4096K), 2 survivors (4096K)
 Metaspace       used 29927K, committed 30272K, reserved 1081344K
  class space    used 3975K, committed 4160K, reserved 1048576K
}
Event: 28.574 GC heap before
{Heap before GC invocations=34 (full 0):
 garbage-first heap   total 159744K, used 118500K [0x0000000701400000, 0x0000000800000000)
  region size 2048K, 46 young (94208K), 2 survivors (4096K)
 Metaspace       used 29928K, committed 30272K, reserved 1081344K
  class space    used 3975K, committed 4160K, reserved 1048576K
}
Event: 28.577 GC heap after
{Heap after GC invocations=35 (full 0):
 garbage-first heap   total 159744K, used 28484K [0x0000000701400000, 0x0000000800000000)
  region size 2048K, 2 young (4096K), 2 survivors (4096K)
 Metaspace       used 29928K, committed 30272K, reserved 1081344K
  class space    used 3975K, committed 4160K, reserved 1048576K
}
Event: 29.149 GC heap before
{Heap before GC invocations=35 (full 0):
 garbage-first heap   total 159744K, used 118596K [0x0000000701400000, 0x0000000800000000)
  region size 2048K, 46 young (94208K), 2 survivors (4096K)
 Metaspace       used 29928K, committed 30272K, reserved 1081344K
  class space    used 3975K, committed 4160K, reserved 1048576K
}
Event: 29.154 GC heap after
{Heap after GC invocations=36 (full 0):
 garbage-first heap   total 159744K, used 28474K [0x0000000701400000, 0x0000000800000000)
  region size 2048K, 2 young (4096K), 2 survivors (4096K)
 Metaspace       used 29928K, committed 30272K, reserved 1081344K
  class space    used 3975K, committed 4160K, reserved 1048576K
}
Event: 29.752 GC heap before
{Heap before GC invocations=36 (full 0):
 garbage-first heap   total 159744K, used 118586K [0x0000000701400000, 0x0000000800000000)
  region size 2048K, 46 young (94208K), 2 survivors (4096K)
 Metaspace       used 29928K, committed 30272K, reserved 1081344K
  class space    used 3975K, committed 4160K, reserved 1048576K
}
Event: 29.756 GC heap after
{Heap after GC invocations=37 (full 0):
 garbage-first heap   total 159744K, used 28505K [0x0000000701400000, 0x0000000800000000)
  region size 2048K, 2 young (4096K), 2 survivors (4096K)
 Metaspace       used 29928K, committed 30272K, reserved 1081344K
  class space    used 3975K, committed 4160K, reserved 1048576K
}

