# JRE version: OpenJDK Runtime Environment (17.0.2+8) (build 17.0.2+8-86)
# Java VM: OpenJDK 64-Bit Server VM (17.0.2+8-86, mixed mode, sharing, tiered, compressed oops, compressed class ptrs, g1 gc, windows-amd64)
GC Precious Log:
 CPUs: 8 total, 8 available
 Memory: 16301M
 Large Page Support: Disabled
 NUMA Support: Disabled
 Compressed Oops: Enabled (Zero based)
 Heap Region Size: 2M
 Heap Min Capacity: 8M
 Heap Initial Capacity: 256M
 Heap Max Capacity: 4076M
 Pre-touch: Disabled
 Parallel Workers: 8
 Concurrent Workers: 2
 Concurrent Refinement Workers: 8
 Periodic GC: Disabled
Heap:
 garbage-first heap   total 147456K, used 68213K [0x0000000701400000, 0x0000000800000000)
  region size 2048K, 15 young (30720K), 3 survivors (6144K)
 Metaspace       used 30302K, committed 30592K, reserved 1081344K
  class space    used 3974K, committed 4096K, reserved 1048576K
GC Heap History (20 events):
Event: 67.488 GC heap before
{Heap before GC invocations=71 (full 0):
 garbage-first heap   total 147456K, used 118677K [0x0000000701400000, 0x0000000800000000)
  region size 2048K, 39 young (79872K), 3 survivors (6144K)
 Metaspace       used 30291K, committed 30592K, reserved 1081344K
  class space    used 3971K, committed 4096K, reserved 1048576K
}
Event: 67.495 GC heap after
{Heap after GC invocations=72 (full 0):
 garbage-first heap   total 147456K, used 44841K [0x0000000701400000, 0x0000000800000000)
  region size 2048K, 3 young (6144K), 3 survivors (6144K)
 Metaspace       used 30291K, committed 30592K, reserved 1081344K
  class space    used 3971K, committed 4096K, reserved 1048576K
}
Event: 68.324 GC heap before
{Heap before GC invocations=72 (full 0):
 garbage-first heap   total 147456K, used 118569K [0x0000000701400000, 0x0000000800000000)
  region size 2048K, 39 young (79872K), 3 survivors (6144K)
 Metaspace       used 30291K, committed 30592K, reserved 1081344K
  class space    used 3971K, committed 4096K, reserved 1048576K
}
Event: 68.330 GC heap after
{Heap after GC invocations=73 (full 0):
 garbage-first heap   total 147456K, used 44670K [0x0000000701400000, 0x0000000800000000)
  region size 2048K, 3 young (6144K), 3 survivors (6144K)
 Metaspace       used 30291K, committed 30592K, reserved 1081344K
  class space    used 3971K, committed 4096K, reserved 1048576K
}
Event: 69.209 GC heap before
{Heap before GC invocations=73 (full 0):
 garbage-first heap   total 147456K, used 118398K [0x0000000701400000, 0x0000000800000000)
  region size 2048K, 39 young (79872K), 3 survivors (6144K)
 Metaspace       used 30291K, committed 30592K, reserved 1081344K
  class space    used 3971K, committed 4096K, reserved 1048576K
}
Event: 69.216 GC heap after
{Heap after GC invocations=74 (full 0):
 garbage-first heap   total 147456K, used 45019K [0x0000000701400000, 0x0000000800000000)
  region size 2048K, 3 young (6144K), 3 survivors (6144K)
 Metaspace       used 30291K, committed 30592K, reserved 1081344K
  class space    used 3971K, committed 4096K, reserved 1048576K
}
Event: 70.049 GC heap before
{Heap before GC invocations=74 (full 0):
 garbage-first heap   total 147456K, used 118747K [0x0000000701400000, 0x0000000800000000)
  region size 2048K, 39 young (79872K), 3 survivors (6144K)
 Metaspace       used 30291K, committed 30592K, reserved 1081344K
  class space    used 3971K, committed 4096K, reserved 1048576K
}
Event: 70.056 GC heap after
{Heap after GC invocations=75 (full 0):
 garbage-first heap   total 147456K, used 44856K [0x0000000701400000, 0x0000000800000000)
  region size 2048K, 3 young (6144K), 3 survivors (6144K)
 Metaspace       used 30291K, committed 30592K, reserved 1081344K
  class space    used 3971K, committed 4096K, reserved 1048576K
}
Event: 71.042 GC heap before
{Heap before GC invocations=75 (full 0):
 garbage-first heap   total 147456K, used 118584K [0x0000000701400000, 0x0000000800000000)
  region size 2048K, 39 young (79872K), 3 survivors (6144K)
 Metaspace       used 30291K, committed 30592K, reserved 1081344K
  class space    used 3971K, committed 4096K, reserved 1048576K
}
Event: 71.048 GC heap after
{Heap after GC invocations=76 (full 0):
 garbage-first heap   total 147456K, used 45227K [0x0000000701400000, 0x0000000800000000)
  region size 2048K, 3 young (6144K), 3 survivors (6144K)
 Metaspace       used 30291K, committed 30592K, reserved 1081344K
  class space    used 3971K, committed 4096K, reserved 1048576K
}
Event: 71.828 GC heap before
{Heap before GC invocations=76 (full 0):
 garbage-first heap   total 147456K, used 118955K [0x0000000701400000, 0x0000000800000000)
  region size 2048K, 39 young (79872K), 3 survivors (6144K)
 Metaspace       used 30291K, committed 30592K, reserved 1081344K
  class space    used 3971K, committed 4096K, reserved 1048576K
}
Event: 71.834 GC heap after
{Heap after GC invocations=77 (full 0):
 garbage-first heap   total 147456K, used 45127K [0x0000000701400000, 0x0000000800000000)
  region size 2048K, 3 young (6144K), 3 survivors (6144K)
 Metaspace       used 30291K, committed 30592K, reserved 1081344K
  class space    used 3971K, committed 4096K, reserved 1048576K
}
Event: 72.779 GC heap before
{Heap before GC invocations=77 (full 0):
 garbage-first heap   total 147456K, used 118855K [0x0000000701400000, 0x0000000800000000)
  region size 2048K, 39 young (79872K), 3 survivors (6144K)
 Metaspace       used 30291K, committed 30592K, reserved 1081344K
  class space    used 3971K, committed 4096K, reserved 1048576K
}
Event: 72.785 GC heap after
{Heap after GC invocations=78 (full 0):
 garbage-first heap   total 147456K, used 45167K [0x0000000701400000, 0x0000000800000000)
  region size 2048K, 3 young (6144K), 3 survivors (6144K)
 Metaspace       used 30291K, committed 30592K, reserved 1081344K
  class space    used 3971K, committed 4096K, reserved 1048576K
}
Event: 73.593 GC heap before
{Heap before GC invocations=78 (full 0):
 garbage-first heap   total 147456K, used 118895K [0x0000000701400000, 0x0000000800000000)
  region size 2048K, 39 young (79872K), 3 survivors (6144K)
 Metaspace       used 30291K, committed 30592K, reserved 1081344K
  class space    used 3971K, committed 4096K, reserved 1048576K
}
Event: 73.599 GC heap after
{Heap after GC invocations=79 (full 0):
 garbage-first heap   total 147456K, used 45288K [0x0000000701400000, 0x0000000800000000)
  region size 2048K, 3 young (6144K), 3 survivors (6144K)
 Metaspace       used 30291K, committed 30592K, reserved 1081344K
  class space    used 3971K, committed 4096K, reserved 1048576K
}
Event: 74.539 GC heap before
{Heap before GC invocations=79 (full 0):
 garbage-first heap   total 147456K, used 119016K [0x0000000701400000, 0x0000000800000000)
  region size 2048K, 39 young (79872K), 3 survivors (6144K)
 Metaspace       used 30291K, committed 30592K, reserved 1081344K
  class space    used 3971K, committed 4096K, reserved 1048576K
}
Event: 74.545 GC heap after
{Heap after GC invocations=80 (full 0):
 garbage-first heap   total 147456K, used 45243K [0x0000000701400000, 0x0000000800000000)
  region size 2048K, 3 young (6144K), 3 survivors (6144K)
 Metaspace       used 30291K, committed 30592K, reserved 1081344K
  class space    used 3971K, committed 4096K, reserved 1048576K
}
Event: 75.559 GC heap before
{Heap before GC invocations=80 (full 0):
 garbage-first heap   total 147456K, used 118971K [0x0000000701400000, 0x0000000800000000)
  region size 2048K, 39 young (79872K), 3 survivors (6144K)
 Metaspace       used 30291K, committed 30592K, reserved 1081344K
  class space    used 3971K, committed 4096K, reserved 1048576K
}
Event: 75.567 GC heap after
{Heap after GC invocations=81 (full 0):
 garbage-first heap   total 147456K, used 45685K [0x0000000701400000, 0x0000000800000000)
  region size 2048K, 3 young (6144K), 3 survivors (6144K)
 Metaspace       used 30291K, committed 30592K, reserved 1081344K
  class space    used 3971K, committed 4096K, reserved 1048576K
}

